2025-03-24 19:11:38,273 - __main__ - WARNING - No calibration file found. Using default biases.
2025-03-24 19:19:07,066 - __main__ - ERROR - BLE connection error: 
2025-03-24 19:19:22,624 - __main__ - ERROR - BLE connection error: 
2025-03-24 19:19:40,391 - __main__ - ERROR - BLE connection error: 
2025-03-24 19:19:48,314 - __main__ - INFO - Connected to C9:35:33:35:3D:38
2025-03-24 19:19:51,567 - __main__ - ERROR - BLE connection error: Characteristic beb5483e-36e1-4688-b7f5-ea07361b26a8 was not found!
2025-03-24 19:19:58,287 - __main__ - INFO - Connected to C9:35:33:35:3D:38
2025-03-24 19:20:01,602 - __main__ - ERROR - BLE connection error: Characteristic beb5483e-36e1-4688-b7f5-ea07361b26a8 was not found!
2025-03-24 19:20:08,570 - __main__ - ERROR - BLE connection error: Could not get GATT services: Unreachable
2025-03-24 19:20:15,171 - __main__ - INFO - Connected to C9:35:33:35:3D:38
2025-03-24 19:20:18,323 - __main__ - ERROR - BLE connection error: Characteristic beb5483e-36e1-4688-b7f5-ea07361b26a8 was not found!
2025-03-24 19:35:11,897 - __main__ - WARNING - No calibration file found. Using default biases.
2025-03-24 19:35:31,532 - __main__ - INFO - Connected to 10:06:1C:17:65:7E
2025-03-24 19:35:31,739 - __main__ - INFO - Notifications enabled for all characteristics
2025-03-24 19:35:32,514 - __main__ - WARNING - Sound file 'alarm.wav' not found.
2025-03-24 19:35:32,515 - __main__ - WARNING - Sound file 'alarm.wav' not found.
2025-03-24 19:35:32,515 - __main__ - WARNING - Sound file 'alarm.wav' not found.
2025-03-24 19:35:32,516 - __main__ - WARNING - Sound file 'alarm.wav' not found.
2025-03-24 19:35:32,517 - __main__ - WARNING - Sound file 'alarm.wav' not found.
2025-03-24 19:35:32,519 - __main__ - WARNING - Sound file 'alarm.wav' not found.
2025-03-24 19:35:33,541 - __main__ - WARNING - Sound file 'alarm.wav' not found.
2025-03-24 19:35:33,542 - __main__ - WARNING - Sound file 'alarm.wav' not found.
2025-03-24 19:35:33,543 - __main__ - WARNING - Sound file 'alarm.wav' not found.
2025-03-24 19:35:33,544 - __main__ - WARNING - Sound file 'alarm.wav' not found.
2025-03-24 19:35:33,545 - __main__ - WARNING - Sound file 'alarm.wav' not found.
2025-03-24 19:35:33,546 - __main__ - WARNING - Sound file 'alarm.wav' not found.
2025-03-24 19:35:33,547 - __main__ - WARNING - Sound file 'alarm.wav' not found.
2025-03-24 19:35:34,559 - __main__ - WARNING - Sound file 'alarm.wav' not found.
2025-03-24 19:35:34,619 - __main__ - WARNING - Sound file 'alarm.wav' not found.
2025-03-24 19:35:34,620 - __main__ - WARNING - Sound file 'alarm.wav' not found.
2025-03-24 19:35:34,622 - __main__ - WARNING - Sound file 'alarm.wav' not found.
2025-03-24 19:35:34,623 - __main__ - WARNING - Sound file 'alarm.wav' not found.
2025-03-24 19:35:34,624 - __main__ - WARNING - Sound file 'alarm.wav' not found.
2025-03-24 19:35:34,625 - __main__ - WARNING - Sound file 'alarm.wav' not found.
2025-03-24 19:35:35,580 - __main__ - WARNING - Sound file 'alarm.wav' not found.
2025-03-24 19:35:35,581 - __main__ - WARNING - Sound file 'alarm.wav' not found.
2025-03-24 19:35:35,582 - __main__ - WARNING - Sound file 'alarm.wav' not found.
2025-03-24 19:35:35,583 - __main__ - WARNING - Sound file 'alarm.wav' not found.
2025-03-24 19:35:35,584 - __main__ - WARNING - Sound file 'alarm.wav' not found.
2025-03-24 19:35:35,585 - __main__ - WARNING - Sound file 'alarm.wav' not found.
2025-03-24 19:35:35,586 - __main__ - WARNING - Sound file 'alarm.wav' not found.
2025-03-24 19:35:36,629 - __main__ - WARNING - Sound file 'alarm.wav' not found.
2025-03-24 19:35:36,630 - __main__ - WARNING - Sound file 'alarm.wav' not found.
2025-03-24 19:35:36,630 - __main__ - WARNING - Sound file 'alarm.wav' not found.
2025-03-24 19:35:36,631 - __main__ - WARNING - Sound file 'alarm.wav' not found.
2025-03-24 19:35:36,632 - __main__ - WARNING - Sound file 'alarm.wav' not found.
2025-03-24 19:35:36,632 - __main__ - WARNING - Sound file 'alarm.wav' not found.
2025-03-24 19:35:36,633 - __main__ - WARNING - Sound file 'alarm.wav' not found.
2025-03-24 19:35:37,619 - __main__ - WARNING - Sound file 'alarm.wav' not found.
2025-03-24 19:35:37,621 - __main__ - WARNING - Sound file 'alarm.wav' not found.
2025-03-24 19:35:37,622 - __main__ - WARNING - Sound file 'alarm.wav' not found.
2025-03-24 19:35:37,623 - __main__ - WARNING - Sound file 'alarm.wav' not found.
2025-03-24 19:35:37,624 - __main__ - WARNING - Sound file 'alarm.wav' not found.
2025-03-24 19:35:37,625 - __main__ - WARNING - Sound file 'alarm.wav' not found.
2025-03-24 19:35:37,626 - __main__ - WARNING - Sound file 'alarm.wav' not found.
2025-03-24 19:35:38,640 - __main__ - WARNING - Sound file 'alarm.wav' not found.
2025-03-24 19:35:38,641 - __main__ - WARNING - Sound file 'alarm.wav' not found.
2025-03-24 19:35:38,642 - __main__ - WARNING - Sound file 'alarm.wav' not found.
2025-03-24 19:35:38,699 - __main__ - WARNING - Sound file 'alarm.wav' not found.
2025-03-24 19:35:38,701 - __main__ - WARNING - Sound file 'alarm.wav' not found.
2025-03-24 19:35:38,702 - __main__ - WARNING - Sound file 'alarm.wav' not found.
2025-03-24 19:35:38,703 - __main__ - WARNING - Sound file 'alarm.wav' not found.
2025-03-24 19:35:39,660 - __main__ - WARNING - Sound file 'alarm.wav' not found.
2025-03-24 19:35:39,661 - __main__ - WARNING - Sound file 'alarm.wav' not found.
2025-03-24 19:35:39,661 - __main__ - WARNING - Sound file 'alarm.wav' not found.
2025-03-24 19:35:39,719 - __main__ - WARNING - Sound file 'alarm.wav' not found.
2025-03-24 19:35:39,720 - __main__ - WARNING - Sound file 'alarm.wav' not found.
2025-03-24 19:35:39,721 - __main__ - WARNING - Sound file 'alarm.wav' not found.
2025-03-24 19:35:39,722 - __main__ - WARNING - Sound file 'alarm.wav' not found.
2025-03-24 19:35:40,681 - __main__ - WARNING - Sound file 'alarm.wav' not found.
2025-03-24 19:35:40,682 - __main__ - WARNING - Sound file 'alarm.wav' not found.
2025-03-24 19:35:40,683 - __main__ - WARNING - Sound file 'alarm.wav' not found.
2025-03-24 19:35:40,684 - __main__ - WARNING - Sound file 'alarm.wav' not found.
2025-03-24 19:35:40,685 - __main__ - WARNING - Sound file 'alarm.wav' not found.
2025-03-24 19:35:40,686 - __main__ - WARNING - Sound file 'alarm.wav' not found.
2025-03-24 19:35:40,687 - __main__ - WARNING - Sound file 'alarm.wav' not found.
2025-03-24 19:35:41,700 - __main__ - WARNING - Sound file 'alarm.wav' not found.
2025-03-24 19:35:41,701 - __main__ - WARNING - Sound file 'alarm.wav' not found.
2025-03-24 19:35:41,703 - __main__ - WARNING - Sound file 'alarm.wav' not found.
2025-03-24 19:35:41,704 - __main__ - WARNING - Sound file 'alarm.wav' not found.
2025-03-24 19:35:41,704 - __main__ - WARNING - Sound file 'alarm.wav' not found.
2025-03-24 19:35:41,705 - __main__ - WARNING - Sound file 'alarm.wav' not found.
2025-03-24 19:35:41,706 - __main__ - WARNING - Sound file 'alarm.wav' not found.
2025-03-24 19:35:42,720 - __main__ - WARNING - Sound file 'alarm.wav' not found.
2025-03-24 19:35:42,721 - __main__ - WARNING - Sound file 'alarm.wav' not found.
2025-03-24 19:35:42,721 - __main__ - WARNING - Sound file 'alarm.wav' not found.
2025-03-24 19:35:42,722 - __main__ - WARNING - Sound file 'alarm.wav' not found.
2025-03-24 19:35:42,723 - __main__ - WARNING - Sound file 'alarm.wav' not found.
2025-03-24 19:35:42,724 - __main__ - WARNING - Sound file 'alarm.wav' not found.
2025-03-24 19:35:42,724 - __main__ - WARNING - Sound file 'alarm.wav' not found.
2025-03-24 19:35:43,741 - __main__ - WARNING - Sound file 'alarm.wav' not found.
2025-03-24 19:35:43,742 - __main__ - WARNING - Sound file 'alarm.wav' not found.
2025-03-24 19:35:43,743 - __main__ - WARNING - Sound file 'alarm.wav' not found.
2025-03-24 19:35:43,744 - __main__ - WARNING - Sound file 'alarm.wav' not found.
2025-03-24 19:35:43,745 - __main__ - WARNING - Sound file 'alarm.wav' not found.
2025-03-24 19:35:43,745 - __main__ - WARNING - Sound file 'alarm.wav' not found.
2025-03-24 19:35:43,746 - __main__ - WARNING - Sound file 'alarm.wav' not found.
2025-03-24 19:35:44,760 - __main__ - WARNING - Sound file 'alarm.wav' not found.
2025-03-24 19:35:44,762 - __main__ - WARNING - Sound file 'alarm.wav' not found.
2025-03-24 19:35:44,763 - __main__ - WARNING - Sound file 'alarm.wav' not found.
2025-03-24 19:35:44,763 - __main__ - WARNING - Sound file 'alarm.wav' not found.
2025-03-24 19:35:44,764 - __main__ - WARNING - Sound file 'alarm.wav' not found.
2025-03-24 19:35:44,765 - __main__ - WARNING - Sound file 'alarm.wav' not found.
2025-03-24 19:35:44,766 - __main__ - WARNING - Sound file 'alarm.wav' not found.
2025-03-24 21:55:34,285 - __main__ - WARNING - No calibration file found. Using default biases.
2025-03-24 21:56:29,554 - __main__ - WARNING - No calibration file found. Using default biases.
2025-03-24 21:57:11,930 - __main__ - WARNING - No calibration file found. Using default biases.
2025-03-24 21:57:29,637 - __main__ - INFO - Connected to 10:06:1C:17:65:7E
2025-03-24 21:57:29,846 - __main__ - INFO - Notifications enabled for all characteristics
2025-03-24 21:57:30,044 - __main__ - WARNING - Sound file 'alarm.wav' not found.
2025-03-24 21:57:30,045 - __main__ - WARNING - Sound file 'alarm.wav' not found.
2025-03-24 21:57:30,045 - __main__ - WARNING - Sound file 'alarm.wav' not found.
2025-03-24 21:57:30,046 - __main__ - WARNING - Sound file 'alarm.wav' not found.
2025-03-24 21:57:31,079 - __main__ - WARNING - Sound file 'alarm.wav' not found.
2025-03-24 21:57:31,080 - __main__ - WARNING - Sound file 'alarm.wav' not found.
2025-03-24 21:57:31,081 - __main__ - WARNING - Sound file 'alarm.wav' not found.
2025-03-24 21:57:31,082 - __main__ - WARNING - Sound file 'alarm.wav' not found.
2025-03-24 21:57:31,083 - __main__ - WARNING - Sound file 'alarm.wav' not found.
2025-03-24 21:57:31,083 - __main__ - WARNING - Sound file 'alarm.wav' not found.
2025-03-24 21:57:31,084 - __main__ - WARNING - Sound file 'alarm.wav' not found.
2025-03-24 21:57:32,098 - __main__ - WARNING - Sound file 'alarm.wav' not found.
2025-03-24 21:57:32,099 - __main__ - WARNING - Sound file 'alarm.wav' not found.
2025-03-24 21:57:32,100 - __main__ - WARNING - Sound file 'alarm.wav' not found.
2025-03-24 21:57:32,157 - __main__ - WARNING - Sound file 'alarm.wav' not found.
2025-03-24 21:57:32,159 - __main__ - WARNING - Sound file 'alarm.wav' not found.
2025-03-24 21:57:32,160 - __main__ - WARNING - Sound file 'alarm.wav' not found.
2025-03-24 21:57:32,161 - __main__ - WARNING - Sound file 'alarm.wav' not found.
2025-03-24 21:57:33,118 - __main__ - WARNING - Sound file 'alarm.wav' not found.
2025-03-24 21:57:33,119 - __main__ - WARNING - Sound file 'alarm.wav' not found.
2025-03-24 21:57:33,120 - __main__ - WARNING - Sound file 'alarm.wav' not found.
2025-03-24 21:57:33,121 - __main__ - WARNING - Sound file 'alarm.wav' not found.
2025-03-24 21:57:33,122 - __main__ - WARNING - Sound file 'alarm.wav' not found.
2025-03-24 21:57:33,123 - __main__ - WARNING - Sound file 'alarm.wav' not found.
2025-03-24 21:57:33,124 - __main__ - WARNING - Sound file 'alarm.wav' not found.
2025-03-24 21:57:34,137 - __main__ - WARNING - Sound file 'alarm.wav' not found.
2025-03-24 21:57:34,138 - __main__ - WARNING - Sound file 'alarm.wav' not found.
2025-03-24 21:57:34,139 - __main__ - WARNING - Sound file 'alarm.wav' not found.
2025-03-24 21:57:34,140 - __main__ - WARNING - Sound file 'alarm.wav' not found.
2025-03-24 21:57:34,141 - __main__ - WARNING - Sound file 'alarm.wav' not found.
2025-03-24 21:57:34,142 - __main__ - WARNING - Sound file 'alarm.wav' not found.
2025-03-24 21:57:34,143 - __main__ - WARNING - Sound file 'alarm.wav' not found.
2025-03-24 21:57:35,159 - __main__ - WARNING - Sound file 'alarm.wav' not found.
2025-03-24 21:57:35,160 - __main__ - WARNING - Sound file 'alarm.wav' not found.
2025-03-24 21:57:35,161 - __main__ - WARNING - Sound file 'alarm.wav' not found.
2025-03-24 21:57:35,162 - __main__ - WARNING - Sound file 'alarm.wav' not found.
2025-03-24 21:57:35,162 - __main__ - WARNING - Sound file 'alarm.wav' not found.
2025-03-24 21:57:35,163 - __main__ - WARNING - Sound file 'alarm.wav' not found.
2025-03-24 21:57:35,164 - __main__ - WARNING - Sound file 'alarm.wav' not found.
2025-03-24 21:57:36,178 - __main__ - WARNING - Sound file 'alarm.wav' not found.
2025-03-24 21:57:36,179 - __main__ - WARNING - Sound file 'alarm.wav' not found.
2025-03-24 21:57:36,180 - __main__ - WARNING - Sound file 'alarm.wav' not found.
2025-03-24 21:57:36,181 - __main__ - WARNING - Sound file 'alarm.wav' not found.
2025-03-24 21:57:36,181 - __main__ - WARNING - Sound file 'alarm.wav' not found.
2025-03-24 21:57:36,182 - __main__ - WARNING - Sound file 'alarm.wav' not found.
2025-03-24 21:57:36,183 - __main__ - WARNING - Sound file 'alarm.wav' not found.
2025-03-24 21:57:48,385 - __main__ - WARNING - No calibration file found. Using default biases.
2025-03-24 22:07:15,618 - __main__ - WARNING - No calibration file found. Using default biases.
2025-03-24 22:07:58,242 - __main__ - INFO - Connected to 10:06:1C:17:65:7E
2025-03-24 22:07:58,452 - __main__ - INFO - Notifications enabled for all characteristics
2025-03-24 22:07:58,859 - __main__ - WARNING - Sound file 'alarm.wav' not found.
2025-03-24 22:07:58,860 - __main__ - WARNING - Sound file 'alarm.wav' not found.
2025-03-24 22:07:58,860 - __main__ - WARNING - Sound file 'alarm.wav' not found.
2025-03-24 22:07:58,861 - __main__ - WARNING - Sound file 'alarm.wav' not found.
2025-03-24 22:07:59,908 - __main__ - WARNING - Sound file 'alarm.wav' not found.
2025-03-24 22:07:59,909 - __main__ - WARNING - Sound file 'alarm.wav' not found.
2025-03-24 22:07:59,910 - __main__ - WARNING - Sound file 'alarm.wav' not found.
2025-03-24 22:07:59,911 - __main__ - WARNING - Sound file 'alarm.wav' not found.
2025-03-24 22:07:59,912 - __main__ - WARNING - Sound file 'alarm.wav' not found.
2025-03-24 22:07:59,912 - __main__ - WARNING - Sound file 'alarm.wav' not found.
2025-03-24 22:07:59,913 - __main__ - WARNING - Sound file 'alarm.wav' not found.
2025-03-24 22:08:00,928 - __main__ - WARNING - Sound file 'alarm.wav' not found.
2025-03-24 22:08:00,929 - __main__ - WARNING - Sound file 'alarm.wav' not found.
2025-03-24 22:08:00,930 - __main__ - WARNING - Sound file 'alarm.wav' not found.
2025-03-24 22:08:00,930 - __main__ - WARNING - Sound file 'alarm.wav' not found.
2025-03-24 22:08:00,931 - __main__ - WARNING - Sound file 'alarm.wav' not found.
2025-03-24 22:08:00,932 - __main__ - WARNING - Sound file 'alarm.wav' not found.
2025-03-24 22:08:00,933 - __main__ - WARNING - Sound file 'alarm.wav' not found.
2025-03-24 22:08:04,831 - matplotlib.ticker - WARNING - Locator attempting to generate 19009 ticks ([-0.05, ..., 1.05]), which exceeds Locator.MAXTICKS (1000).
2025-03-24 22:08:22,773 - matplotlib.ticker - WARNING - Locator attempting to generate 19009 ticks ([-0.05, ..., 1.05]), which exceeds Locator.MAXTICKS (1000).
2025-03-25 00:27:29,301 - __main__ - INFO - Calibration data loaded successfully
2025-03-25 00:28:03,893 - __main__ - INFO - Connected to 10:06:1C:17:65:7E
2025-03-25 00:28:04,102 - __main__ - INFO - Notifications enabled for all characteristics
2025-03-25 00:28:04,658 - __main__ - WARNING - Sound file 'alarm.wav' not found.
2025-03-25 00:28:04,659 - __main__ - WARNING - Sound file 'alarm.wav' not found.
2025-03-25 00:28:04,660 - __main__ - WARNING - Sound file 'alarm.wav' not found.
2025-03-25 00:28:04,660 - __main__ - WARNING - Sound file 'alarm.wav' not found.
2025-03-25 00:28:04,661 - __main__ - WARNING - Sound file 'alarm.wav' not found.
2025-03-25 00:28:05,707 - __main__ - WARNING - Sound file 'alarm.wav' not found.
2025-03-25 00:28:05,708 - __main__ - WARNING - Sound file 'alarm.wav' not found.
2025-03-25 00:28:05,708 - __main__ - WARNING - Sound file 'alarm.wav' not found.
2025-03-25 00:28:05,708 - __main__ - WARNING - Sound file 'alarm.wav' not found.
2025-03-25 00:28:05,709 - __main__ - WARNING - Sound file 'alarm.wav' not found.
2025-03-25 00:28:05,710 - __main__ - WARNING - Sound file 'alarm.wav' not found.
2025-03-25 00:28:05,710 - __main__ - WARNING - Sound file 'alarm.wav' not found.
2025-03-25 00:28:06,728 - __main__ - WARNING - Sound file 'alarm.wav' not found.
2025-03-25 00:28:06,729 - __main__ - WARNING - Sound file 'alarm.wav' not found.
2025-03-25 00:28:06,730 - __main__ - WARNING - Sound file 'alarm.wav' not found.
2025-03-25 00:28:06,730 - __main__ - WARNING - Sound file 'alarm.wav' not found.
2025-03-25 00:28:06,731 - __main__ - WARNING - Sound file 'alarm.wav' not found.
2025-03-25 00:28:06,731 - __main__ - WARNING - Sound file 'alarm.wav' not found.
2025-03-25 00:28:06,731 - __main__ - WARNING - Sound file 'alarm.wav' not found.
2025-03-25 00:28:11,212 - matplotlib.ticker - WARNING - Locator attempting to generate 19009 ticks ([-0.05, ..., 1.05]), which exceeds Locator.MAXTICKS (1000).
2025-03-25 00:39:45,618 - __main__ - INFO - Calibration data loaded successfully
2025-03-25 00:40:20,370 - __main__ - INFO - Calibration data loaded successfully
2025-03-25 22:42:17,131 - __main__ - INFO - Calibration data loaded successfully
2025-03-25 22:42:41,752 - __main__ - INFO - Connected to 10:06:1C:17:65:7E
2025-03-25 22:42:41,962 - __main__ - INFO - Notifications enabled for all characteristics
2025-03-25 22:42:41,996 - __main__ - WARNING - Sound file 'alarm.wav' not found.
2025-03-25 22:42:41,997 - __main__ - WARNING - Sound file 'alarm.wav' not found.
2025-03-25 22:42:41,997 - __main__ - WARNING - Sound file 'alarm.wav' not found.
2025-03-25 22:42:41,997 - __main__ - WARNING - Sound file 'alarm.wav' not found.
2025-03-25 22:42:42,999 - __main__ - WARNING - Sound file 'alarm.wav' not found.
2025-03-25 22:42:43,000 - __main__ - WARNING - Sound file 'alarm.wav' not found.
2025-03-25 22:42:43,001 - __main__ - WARNING - Sound file 'alarm.wav' not found.
2025-03-25 22:42:43,001 - __main__ - WARNING - Sound file 'alarm.wav' not found.
2025-03-25 22:42:43,003 - __main__ - WARNING - Sound file 'alarm.wav' not found.
2025-03-25 22:42:43,003 - __main__ - WARNING - Sound file 'alarm.wav' not found.
2025-03-25 22:42:43,004 - __main__ - WARNING - Sound file 'alarm.wav' not found.
2025-03-25 22:42:47,379 - matplotlib.ticker - WARNING - Locator attempting to generate 19009 ticks ([-0.05, ..., 1.05]), which exceeds Locator.MAXTICKS (1000).
